{"name": "test_katalon_login", "status": "broken", "statusDetails": {"message": "selenium.common.exceptions.NoSuchElementException: Message: no such element: Unable to locate element: {\"method\":\"css selector\",\"selector\":\"[id=\"#btn-make-appointment\"]\"}\n  (Session info: chrome=120.0.6099.216); For documentation on this error, please visit: https://www.selenium.dev/documentation/webdriver/troubleshooting/errors#no-such-element-exception\nStacktrace:\n0   chromedriver                        0x0000000102830cc8 chromedriver + 4844744\n1   chromedriver                        0x0000000102828243 chromedriver + 4809283\n2   chromedriver                        0x00000001023f677d chromedriver + 411517\n3   chromedriver                        0x0000000102446ee0 chromedriver + 741088\n4   chromedriver                        0x0000000102447091 chromedriver + 741521\n5   chromedriver                        0x0000000102492ab4 chromedriver + 1051316\n6   chromedriver                        0x0000000102470ced chromedriver + 912621\n7   chromedriver                        0x000000010248fd42 chromedriver + 1039682\n8   chromedriver                        0x0000000102470a63 chromedriver + 911971\n9   chromedriver                        0x00000001024381b3 chromedriver + 680371\n10  chromedriver                        0x00000001024397ce chromedriver + 686030\n11  chromedriver                        0x00000001027f0642 chromedriver + 4580930\n12  chromedriver                        0x00000001027f59cc chromedriver + 4602316\n13  chromedriver                        0x00000001027d5e11 chromedriver + 4472337\n14  chromedriver                        0x00000001027f6746 chromedriver + 4605766\n15  chromedriver                        0x00000001027c739c chromedriver + 4412316\n16  chromedriver                        0x0000000102816868 chromedriver + 4737128\n17  chromedriver                        0x0000000102816a1e chromedriver + 4737566\n18  chromedriver                        0x0000000102827e83 chromedriver + 4808323\n19  libsystem_pthread.dylib             0x00007ff81d2a14e1 _pthread_start + 125\n20  libsystem_pthread.dylib             0x00007ff81d29cf6b thread_start + 15", "trace": "self = <test_katalontest.TestLogin object at 0x10c41b290>\nsetup = <selenium.webdriver.chrome.webdriver.WebDriver (session=\"50abe48ed84ca992d5c3088018146462\")>\n\n    @allure.epic(\"Katalon Home page\")\n    @allure.feature(\"TC#0 - Katalon Home Page\")\n    @pytest.mark.usefixtures(\"setup\")\n    def test_katalon_login(self, setup):\n        driver = setup\n        driver.get(self.katalon_url)\n        khp = KatalonHomePage(driver)\n>       khp.click_homepage()\n\ntest_katalontest.py:17: \n_ _ _ _ _ _ _ _ _ _ _ _ _ _ _ _ _ _ _ _ _ _ _ _ _ _ _ _ _ _ _ _ _ _ _ _ _ _ _ _ \n../../pageObjects/katalonHomePage.py:30: in click_homepage\n    self.get_make_appointment().click()\n../../pageObjects/katalonHomePage.py:24: in get_make_appointment\n    return self.driver.find_element(*KatalonHomePage.make_appointment)\n../../../venv/lib/python3.11/site-packages/selenium/webdriver/remote/webdriver.py:742: in find_element\n    return self.execute(Command.FIND_ELEMENT, {\"using\": by, \"value\": value})[\"value\"]\n../../../venv/lib/python3.11/site-packages/selenium/webdriver/remote/webdriver.py:348: in execute\n    self.error_handler.check_response(response)\n_ _ _ _ _ _ _ _ _ _ _ _ _ _ _ _ _ _ _ _ _ _ _ _ _ _ _ _ _ _ _ _ _ _ _ _ _ _ _ _ \n\nself = <selenium.webdriver.remote.errorhandler.ErrorHandler object at 0x10c3eec50>\nresponse = {'status': 404, 'value': '{\"value\":{\"error\":\"no such element\",\"message\":\"no such element: Unable to locate element: {\\...ff81d2a14e1 _pthread_start + 125\\\\n20  libsystem_pthread.dylib             0x00007ff81d29cf6b thread_start + 15\\\\n\"}}'}\n\n    def check_response(self, response: Dict[str, Any]) -> None:\n        \"\"\"Checks that a JSON response from the WebDriver does not have an\n        error.\n    \n        :Args:\n         - response - The JSON response from the WebDriver server as a dictionary\n           object.\n    \n        :Raises: If the response contains an error message.\n        \"\"\"\n        status = response.get(\"status\", None)\n        if not status or status == ErrorCode.SUCCESS:\n            return\n        value = None\n        message = response.get(\"message\", \"\")\n        screen: str = response.get(\"screen\", \"\")\n        stacktrace = None\n        if isinstance(status, int):\n            value_json = response.get(\"value\", None)\n            if value_json and isinstance(value_json, str):\n                import json\n    \n                try:\n                    value = json.loads(value_json)\n                    if len(value) == 1:\n                        value = value[\"value\"]\n                    status = value.get(\"error\", None)\n                    if not status:\n                        status = value.get(\"status\", ErrorCode.UNKNOWN_ERROR)\n                        message = value.get(\"value\") or value.get(\"message\")\n                        if not isinstance(message, str):\n                            value = message\n                            message = message.get(\"message\")\n                    else:\n                        message = value.get(\"message\", None)\n                except ValueError:\n                    pass\n    \n        exception_class: Type[WebDriverException]\n        e = ErrorCode()\n        error_codes = [item for item in dir(e) if not item.startswith(\"__\")]\n        for error_code in error_codes:\n            error_info = getattr(ErrorCode, error_code)\n            if isinstance(error_info, list) and status in error_info:\n                exception_class = getattr(ExceptionMapping, error_code, WebDriverException)\n                break\n        else:\n            exception_class = WebDriverException\n    \n        if not value:\n            value = response[\"value\"]\n        if isinstance(value, str):\n            raise exception_class(value)\n        if message == \"\" and \"message\" in value:\n            message = value[\"message\"]\n    \n        screen = None  # type: ignore[assignment]\n        if \"screen\" in value:\n            screen = value[\"screen\"]\n    \n        stacktrace = None\n        st_value = value.get(\"stackTrace\") or value.get(\"stacktrace\")\n        if st_value:\n            if isinstance(st_value, str):\n                stacktrace = st_value.split(\"\\n\")\n            else:\n                stacktrace = []\n                try:\n                    for frame in st_value:\n                        line = frame.get(\"lineNumber\", \"\")\n                        file = frame.get(\"fileName\", \"<anonymous>\")\n                        if line:\n                            file = f\"{file}:{line}\"\n                        meth = frame.get(\"methodName\", \"<anonymous>\")\n                        if \"className\" in frame:\n                            meth = f\"{frame['className']}.{meth}\"\n                        msg = \"    at %s (%s)\"\n                        msg = msg % (meth, file)\n                        stacktrace.append(msg)\n                except TypeError:\n                    pass\n        if exception_class == UnexpectedAlertPresentException:\n            alert_text = None\n            if \"data\" in value:\n                alert_text = value[\"data\"].get(\"text\")\n            elif \"alert\" in value:\n                alert_text = value[\"alert\"].get(\"text\")\n            raise exception_class(message, screen, stacktrace, alert_text)  # type: ignore[call-arg]  # mypy is not smart enough here\n>       raise exception_class(message, screen, stacktrace)\nE       selenium.common.exceptions.NoSuchElementException: Message: no such element: Unable to locate element: {\"method\":\"css selector\",\"selector\":\"[id=\"#btn-make-appointment\"]\"}\nE         (Session info: chrome=120.0.6099.216); For documentation on this error, please visit: https://www.selenium.dev/documentation/webdriver/troubleshooting/errors#no-such-element-exception\nE       Stacktrace:\nE       0   chromedriver                        0x0000000102830cc8 chromedriver + 4844744\nE       1   chromedriver                        0x0000000102828243 chromedriver + 4809283\nE       2   chromedriver                        0x00000001023f677d chromedriver + 411517\nE       3   chromedriver                        0x0000000102446ee0 chromedriver + 741088\nE       4   chromedriver                        0x0000000102447091 chromedriver + 741521\nE       5   chromedriver                        0x0000000102492ab4 chromedriver + 1051316\nE       6   chromedriver                        0x0000000102470ced chromedriver + 912621\nE       7   chromedriver                        0x000000010248fd42 chromedriver + 1039682\nE       8   chromedriver                        0x0000000102470a63 chromedriver + 911971\nE       9   chromedriver                        0x00000001024381b3 chromedriver + 680371\nE       10  chromedriver                        0x00000001024397ce chromedriver + 686030\nE       11  chromedriver                        0x00000001027f0642 chromedriver + 4580930\nE       12  chromedriver                        0x00000001027f59cc chromedriver + 4602316\nE       13  chromedriver                        0x00000001027d5e11 chromedriver + 4472337\nE       14  chromedriver                        0x00000001027f6746 chromedriver + 4605766\nE       15  chromedriver                        0x00000001027c739c chromedriver + 4412316\nE       16  chromedriver                        0x0000000102816868 chromedriver + 4737128\nE       17  chromedriver                        0x0000000102816a1e chromedriver + 4737566\nE       18  chromedriver                        0x0000000102827e83 chromedriver + 4808323\nE       19  libsystem_pthread.dylib             0x00007ff81d2a14e1 _pthread_start + 125\nE       20  libsystem_pthread.dylib             0x00007ff81d29cf6b thread_start + 15\n\n../../../venv/lib/python3.11/site-packages/selenium/webdriver/remote/errorhandler.py:229: NoSuchElementException"}, "start": 1705458537623, "stop": 1705458544976, "uuid": "6d9d59fa-d5c4-4db8-85be-c38b5c94036d", "historyId": "237b8904b6186db60fc1c47036988fe6", "testCaseId": "237b8904b6186db60fc1c47036988fe6", "fullName": "tests.vwoLoginTests.pom.test_katalontest.TestLogin#test_katalon_login", "labels": [{"name": "epic", "value": "Katalon Home page"}, {"name": "feature", "value": "TC#0 - Katalon Home Page"}, {"name": "tag", "value": "@pytest.mark.usefixtures('setup')"}, {"name": "parentSuite", "value": "tests.vwoLoginTests.pom"}, {"name": "suite", "value": "test_katalontest"}, {"name": "subSuite", "value": "TestLogin"}, {"name": "host", "value": "MBP-C02DRR20MD6M"}, {"name": "thread", "value": "29463-MainThread"}, {"name": "framework", "value": "pytest"}, {"name": "language", "value": "cpython3"}, {"name": "package", "value": "tests.vwoLoginTests.pom.test_katalontest"}]}